Determining if the function pthread_create exists in the pthreads failed with the following output:
Change Dir: /home/6im3/tduche01/Documents/moteur_physique/TD1/build/CMakeFiles/CMakeTmp

Run Build Command:/usr/bin/make "cmTryCompileExec/fast"
/usr/bin/make -f CMakeFiles/cmTryCompileExec.dir/build.make CMakeFiles/cmTryCompileExec.dir/build
make[1]: entrant dans le répertoire « /home/6im3/tduche01/Documents/moteur_physique/TD1/build/CMakeFiles/CMakeTmp »
/usr/bin/cmake -E cmake_progress_report /home/6im3/tduche01/Documents/moteur_physique/TD1/build/CMakeFiles/CMakeTmp/CMakeFiles 1
Building C object CMakeFiles/cmTryCompileExec.dir/CheckFunctionExists.c.o
/usr/bin/gcc   -DCHECK_FUNCTION_EXISTS=pthread_create   -o CMakeFiles/cmTryCompileExec.dir/CheckFunctionExists.c.o   -c /usr/share/cmake-2.8/Modules/CheckFunctionExists.c
Linking C executable cmTryCompileExec
/usr/bin/cmake -E cmake_link_script CMakeFiles/cmTryCompileExec.dir/link.txt --verbose=1
/usr/bin/gcc     -DCHECK_FUNCTION_EXISTS=pthread_create   CMakeFiles/cmTryCompileExec.dir/CheckFunctionExists.c.o  -o cmTryCompileExec -rdynamic -lpthreads 
/usr/bin/ld: cannot find -lpthreads
collect2: ld returned 1 exit status
make[1]: *** [cmTryCompileExec] Erreur 1
make[1]: quittant le répertoire « /home/6im3/tduche01/Documents/moteur_physique/TD1/build/CMakeFiles/CMakeTmp »
make: *** [cmTryCompileExec/fast] Erreur 2


Determining if the function pthread_create exists in the pthreads failed with the following output:
Change Dir: /home/6im3/tduche01/Documents/moteur_physique/TD2/build/CMakeFiles/CMakeTmp

Run Build Command:/usr/bin/make "cmTryCompileExec/fast"
make: AVERTISSEMENT: fichier « Makefile » a une date de modification 0,045 dans le futur
/usr/bin/make -f CMakeFiles/cmTryCompileExec.dir/build.make CMakeFiles/cmTryCompileExec.dir/build
make[1]: entrant dans le répertoire « /home/6im3/tduche01/Documents/moteur_physique/TD2/build/CMakeFiles/CMakeTmp »
make[1]: AVERTISSEMENT: fichier « CMakeFiles/cmTryCompileExec.dir/flags.make » a une date de modification 0,027 dans le futur
/usr/bin/cmake -E cmake_progress_report /home/6im3/tduche01/Documents/moteur_physique/TD2/build/CMakeFiles/CMakeTmp/CMakeFiles 1
Building C object CMakeFiles/cmTryCompileExec.dir/CheckFunctionExists.c.o
/usr/bin/gcc   -DCHECK_FUNCTION_EXISTS=pthread_create   -o CMakeFiles/cmTryCompileExec.dir/CheckFunctionExists.c.o   -c /usr/share/cmake-2.8/Modules/CheckFunctionExists.c
Linking C executable cmTryCompileExec
/usr/bin/cmake -E cmake_link_script CMakeFiles/cmTryCompileExec.dir/link.txt --verbose=1
/usr/bin/gcc     -DCHECK_FUNCTION_EXISTS=pthread_create   CMakeFiles/cmTryCompileExec.dir/CheckFunctionExists.c.o  -o cmTryCompileExec -rdynamic -lpthreads 
/usr/bin/ld: cannot find -lpthreads
collect2: ld returned 1 exit status
make[1]: *** [cmTryCompileExec] Erreur 1
make[1]: quittant le répertoire « /home/6im3/tduche01/Documents/moteur_physique/TD2/build/CMakeFiles/CMakeTmp »
make: *** [cmTryCompileExec/fast] Erreur 2


Determining if the pthread_create exist failed with the following output:
Change Dir: /home/cedric/Bureau/Moteur_physique/TD2/build/CMakeFiles/CMakeTmp

Run Build Command:/usr/bin/make "cmTryCompileExec935515172/fast"
/usr/bin/make -f CMakeFiles/cmTryCompileExec935515172.dir/build.make CMakeFiles/cmTryCompileExec935515172.dir/build
make[1]: entrant dans le répertoire « /home/cedric/Bureau/Moteur_physique/TD2/build/CMakeFiles/CMakeTmp »
/usr/bin/cmake -E cmake_progress_report /home/cedric/Bureau/Moteur_physique/TD2/build/CMakeFiles/CMakeTmp/CMakeFiles 1
Building C object CMakeFiles/cmTryCompileExec935515172.dir/CheckSymbolExists.c.o
/usr/bin/cc    -o CMakeFiles/cmTryCompileExec935515172.dir/CheckSymbolExists.c.o   -c /home/cedric/Bureau/Moteur_physique/TD2/build/CMakeFiles/CMakeTmp/CheckSymbolExists.c
Linking C executable cmTryCompileExec935515172
/usr/bin/cmake -E cmake_link_script CMakeFiles/cmTryCompileExec935515172.dir/link.txt --verbose=1
/usr/bin/cc         CMakeFiles/cmTryCompileExec935515172.dir/CheckSymbolExists.c.o  -o cmTryCompileExec935515172 -rdynamic 
CMakeFiles/cmTryCompileExec935515172.dir/CheckSymbolExists.c.o:CheckSymbolExists.c:function main: error: undefined reference to 'pthread_create'
collect2: erreur: ld a retourné 1 code d'état d'exécution
make[1]: *** [cmTryCompileExec935515172] Erreur 1
make[1]: quittant le répertoire « /home/cedric/Bureau/Moteur_physique/TD2/build/CMakeFiles/CMakeTmp »
make: *** [cmTryCompileExec935515172/fast] Erreur 2

File /home/cedric/Bureau/Moteur_physique/TD2/build/CMakeFiles/CMakeTmp/CheckSymbolExists.c:
/* */
#include <pthread.h>

int main(int argc, char** argv)
{
  (void)argv;
#ifndef pthread_create
  return ((int*)(&pthread_create))[argc];
#else
  (void)argc;
  return 0;
#endif
}

Determining if the function pthread_create exists in the pthreads failed with the following output:
Change Dir: /home/cedric/Bureau/Moteur_physique/TD2/build/CMakeFiles/CMakeTmp

Run Build Command:/usr/bin/make "cmTryCompileExec3328428147/fast"
/usr/bin/make -f CMakeFiles/cmTryCompileExec3328428147.dir/build.make CMakeFiles/cmTryCompileExec3328428147.dir/build
make[1]: entrant dans le répertoire « /home/cedric/Bureau/Moteur_physique/TD2/build/CMakeFiles/CMakeTmp »
/usr/bin/cmake -E cmake_progress_report /home/cedric/Bureau/Moteur_physique/TD2/build/CMakeFiles/CMakeTmp/CMakeFiles 1
Building C object CMakeFiles/cmTryCompileExec3328428147.dir/CheckFunctionExists.c.o
/usr/bin/cc   -DCHECK_FUNCTION_EXISTS=pthread_create   -o CMakeFiles/cmTryCompileExec3328428147.dir/CheckFunctionExists.c.o   -c /usr/share/cmake-2.8/Modules/CheckFunctionExists.c
Linking C executable cmTryCompileExec3328428147
/usr/bin/cmake -E cmake_link_script CMakeFiles/cmTryCompileExec3328428147.dir/link.txt --verbose=1
/usr/bin/cc     -DCHECK_FUNCTION_EXISTS=pthread_create    CMakeFiles/cmTryCompileExec3328428147.dir/CheckFunctionExists.c.o  -o cmTryCompileExec3328428147 -rdynamic -lpthreads 
/usr/bin/ld: error: cannot find -lpthreads
CMakeFiles/cmTryCompileExec3328428147.dir/CheckFunctionExists.c.o:CheckFunctionExists.c:function main: error: undefined reference to 'pthread_create'
collect2: erreur: ld a retourné 1 code d'état d'exécution
make[1]: *** [cmTryCompileExec3328428147] Erreur 1
make[1]: quittant le répertoire « /home/cedric/Bureau/Moteur_physique/TD2/build/CMakeFiles/CMakeTmp »
make: *** [cmTryCompileExec3328428147/fast] Erreur 2


Determining if the pthread_create exist failed with the following output:
Change Dir: /home/cedric/Bureau/Moteur_physique/TD2/build/CMakeFiles/CMakeTmp

Run Build Command:/usr/bin/make "cmTryCompileExec1168606068/fast"
/usr/bin/make -f CMakeFiles/cmTryCompileExec1168606068.dir/build.make CMakeFiles/cmTryCompileExec1168606068.dir/build
make[1]: entrant dans le répertoire « /home/cedric/Bureau/Moteur_physique/TD2/build/CMakeFiles/CMakeTmp »
/usr/bin/cmake -E cmake_progress_report /home/cedric/Bureau/Moteur_physique/TD2/build/CMakeFiles/CMakeTmp/CMakeFiles 1
Building C object CMakeFiles/cmTryCompileExec1168606068.dir/CheckSymbolExists.c.o
/usr/bin/cc    -o CMakeFiles/cmTryCompileExec1168606068.dir/CheckSymbolExists.c.o   -c /home/cedric/Bureau/Moteur_physique/TD2/build/CMakeFiles/CMakeTmp/CheckSymbolExists.c
Linking C executable cmTryCompileExec1168606068
/usr/bin/cmake -E cmake_link_script CMakeFiles/cmTryCompileExec1168606068.dir/link.txt --verbose=1
/usr/bin/cc         CMakeFiles/cmTryCompileExec1168606068.dir/CheckSymbolExists.c.o  -o cmTryCompileExec1168606068 -rdynamic 
CMakeFiles/cmTryCompileExec1168606068.dir/CheckSymbolExists.c.o:CheckSymbolExists.c:function main: error: undefined reference to 'pthread_create'
collect2: erreur: ld a retourné 1 code d'état d'exécution
make[1]: *** [cmTryCompileExec1168606068] Erreur 1
make[1]: quittant le répertoire « /home/cedric/Bureau/Moteur_physique/TD2/build/CMakeFiles/CMakeTmp »
make: *** [cmTryCompileExec1168606068/fast] Erreur 2

File /home/cedric/Bureau/Moteur_physique/TD2/build/CMakeFiles/CMakeTmp/CheckSymbolExists.c:
/* */
#include <pthread.h>

int main(int argc, char** argv)
{
  (void)argv;
#ifndef pthread_create
  return ((int*)(&pthread_create))[argc];
#else
  (void)argc;
  return 0;
#endif
}

Determining if the function pthread_create exists in the pthreads failed with the following output:
Change Dir: /home/cedric/Bureau/Moteur_physique/TD2/build/CMakeFiles/CMakeTmp

Run Build Command:/usr/bin/make "cmTryCompileExec3808590880/fast"
/usr/bin/make -f CMakeFiles/cmTryCompileExec3808590880.dir/build.make CMakeFiles/cmTryCompileExec3808590880.dir/build
make[1]: entrant dans le répertoire « /home/cedric/Bureau/Moteur_physique/TD2/build/CMakeFiles/CMakeTmp »
/usr/bin/cmake -E cmake_progress_report /home/cedric/Bureau/Moteur_physique/TD2/build/CMakeFiles/CMakeTmp/CMakeFiles 1
Building C object CMakeFiles/cmTryCompileExec3808590880.dir/CheckFunctionExists.c.o
/usr/bin/cc   -DCHECK_FUNCTION_EXISTS=pthread_create   -o CMakeFiles/cmTryCompileExec3808590880.dir/CheckFunctionExists.c.o   -c /usr/share/cmake-2.8/Modules/CheckFunctionExists.c
Linking C executable cmTryCompileExec3808590880
/usr/bin/cmake -E cmake_link_script CMakeFiles/cmTryCompileExec3808590880.dir/link.txt --verbose=1
/usr/bin/cc     -DCHECK_FUNCTION_EXISTS=pthread_create    CMakeFiles/cmTryCompileExec3808590880.dir/CheckFunctionExists.c.o  -o cmTryCompileExec3808590880 -rdynamic -lpthreads 
/usr/bin/ld: error: cannot find -lpthreads
CMakeFiles/cmTryCompileExec3808590880.dir/CheckFunctionExists.c.o:CheckFunctionExists.c:function main: error: undefined reference to 'pthread_create'
collect2: erreur: ld a retourné 1 code d'état d'exécution
make[1]: *** [cmTryCompileExec3808590880] Erreur 1
make[1]: quittant le répertoire « /home/cedric/Bureau/Moteur_physique/TD2/build/CMakeFiles/CMakeTmp »
make: *** [cmTryCompileExec3808590880/fast] Erreur 2


Determining if the pthread_create exist failed with the following output:
Change Dir: /home/cedric/Bureau/Moteur_physique/TD2/build/CMakeFiles/CMakeTmp

Run Build Command:/usr/bin/make "cmTryCompileExec191677716/fast"
/usr/bin/make -f CMakeFiles/cmTryCompileExec191677716.dir/build.make CMakeFiles/cmTryCompileExec191677716.dir/build
make[1]: entrant dans le répertoire « /home/cedric/Bureau/Moteur_physique/TD2/build/CMakeFiles/CMakeTmp »
/usr/bin/cmake -E cmake_progress_report /home/cedric/Bureau/Moteur_physique/TD2/build/CMakeFiles/CMakeTmp/CMakeFiles 1
Building C object CMakeFiles/cmTryCompileExec191677716.dir/CheckSymbolExists.c.o
/usr/bin/cc    -o CMakeFiles/cmTryCompileExec191677716.dir/CheckSymbolExists.c.o   -c /home/cedric/Bureau/Moteur_physique/TD2/build/CMakeFiles/CMakeTmp/CheckSymbolExists.c
Linking C executable cmTryCompileExec191677716
/usr/bin/cmake -E cmake_link_script CMakeFiles/cmTryCompileExec191677716.dir/link.txt --verbose=1
/usr/bin/cc         CMakeFiles/cmTryCompileExec191677716.dir/CheckSymbolExists.c.o  -o cmTryCompileExec191677716 -rdynamic 
CMakeFiles/cmTryCompileExec191677716.dir/CheckSymbolExists.c.o:CheckSymbolExists.c:function main: error: undefined reference to 'pthread_create'
collect2: erreur: ld a retourné 1 code d'état d'exécution
make[1]: *** [cmTryCompileExec191677716] Erreur 1
make[1]: quittant le répertoire « /home/cedric/Bureau/Moteur_physique/TD2/build/CMakeFiles/CMakeTmp »
make: *** [cmTryCompileExec191677716/fast] Erreur 2

File /home/cedric/Bureau/Moteur_physique/TD2/build/CMakeFiles/CMakeTmp/CheckSymbolExists.c:
/* */
#include <pthread.h>

int main(int argc, char** argv)
{
  (void)argv;
#ifndef pthread_create
  return ((int*)(&pthread_create))[argc];
#else
  (void)argc;
  return 0;
#endif
}

Determining if the function pthread_create exists in the pthreads failed with the following output:
Change Dir: /home/cedric/Bureau/Moteur_physique/TD2/build/CMakeFiles/CMakeTmp

Run Build Command:/usr/bin/make "cmTryCompileExec2965735792/fast"
/usr/bin/make -f CMakeFiles/cmTryCompileExec2965735792.dir/build.make CMakeFiles/cmTryCompileExec2965735792.dir/build
make[1]: entrant dans le répertoire « /home/cedric/Bureau/Moteur_physique/TD2/build/CMakeFiles/CMakeTmp »
/usr/bin/cmake -E cmake_progress_report /home/cedric/Bureau/Moteur_physique/TD2/build/CMakeFiles/CMakeTmp/CMakeFiles 1
Building C object CMakeFiles/cmTryCompileExec2965735792.dir/CheckFunctionExists.c.o
/usr/bin/cc   -DCHECK_FUNCTION_EXISTS=pthread_create   -o CMakeFiles/cmTryCompileExec2965735792.dir/CheckFunctionExists.c.o   -c /usr/share/cmake-2.8/Modules/CheckFunctionExists.c
Linking C executable cmTryCompileExec2965735792
/usr/bin/cmake -E cmake_link_script CMakeFiles/cmTryCompileExec2965735792.dir/link.txt --verbose=1
/usr/bin/cc     -DCHECK_FUNCTION_EXISTS=pthread_create    CMakeFiles/cmTryCompileExec2965735792.dir/CheckFunctionExists.c.o  -o cmTryCompileExec2965735792 -rdynamic -lpthreads 
/usr/bin/ld: error: cannot find -lpthreads
CMakeFiles/cmTryCompileExec2965735792.dir/CheckFunctionExists.c.o:CheckFunctionExists.c:function main: error: undefined reference to 'pthread_create'
collect2: erreur: ld a retourné 1 code d'état d'exécution
make[1]: *** [cmTryCompileExec2965735792] Erreur 1
make[1]: quittant le répertoire « /home/cedric/Bureau/Moteur_physique/TD2/build/CMakeFiles/CMakeTmp »
make: *** [cmTryCompileExec2965735792/fast] Erreur 2


Determining if the function pthread_create exists in the pthreads failed with the following output:
Change Dir: /home/6im3/tduche01/Documents/moteur_physique/TD2/build/CMakeFiles/CMakeTmp

Run Build Command:/usr/bin/make "cmTryCompileExec/fast"
/usr/bin/make -f CMakeFiles/cmTryCompileExec.dir/build.make CMakeFiles/cmTryCompileExec.dir/build
make[1]: entrant dans le répertoire « /home/6im3/tduche01/Documents/moteur_physique/TD2/build/CMakeFiles/CMakeTmp »
/usr/bin/cmake -E cmake_progress_report /home/6im3/tduche01/Documents/moteur_physique/TD2/build/CMakeFiles/CMakeTmp/CMakeFiles 1
Building C object CMakeFiles/cmTryCompileExec.dir/CheckFunctionExists.c.o
/usr/bin/gcc   -DCHECK_FUNCTION_EXISTS=pthread_create   -o CMakeFiles/cmTryCompileExec.dir/CheckFunctionExists.c.o   -c /usr/share/cmake-2.8/Modules/CheckFunctionExists.c
Linking C executable cmTryCompileExec
/usr/bin/cmake -E cmake_link_script CMakeFiles/cmTryCompileExec.dir/link.txt --verbose=1
/usr/bin/gcc     -DCHECK_FUNCTION_EXISTS=pthread_create   CMakeFiles/cmTryCompileExec.dir/CheckFunctionExists.c.o  -o cmTryCompileExec -rdynamic -lpthreads 
/usr/bin/ld: cannot find -lpthreads
collect2: ld returned 1 exit status
make[1]: *** [cmTryCompileExec] Erreur 1
make[1]: quittant le répertoire « /home/6im3/tduche01/Documents/moteur_physique/TD2/build/CMakeFiles/CMakeTmp »
make: *** [cmTryCompileExec/fast] Erreur 2


Determining if the function pthread_create exists in the pthreads failed with the following output:
Change Dir: /home/6im3/tduche01/Documents/moteur_physique/TD3/build/CMakeFiles/CMakeTmp

Run Build Command:/usr/bin/make "cmTryCompileExec/fast"
/usr/bin/make -f CMakeFiles/cmTryCompileExec.dir/build.make CMakeFiles/cmTryCompileExec.dir/build
make[1]: entrant dans le répertoire « /home/6im3/tduche01/Documents/moteur_physique/TD3/build/CMakeFiles/CMakeTmp »
/usr/bin/cmake -E cmake_progress_report /home/6im3/tduche01/Documents/moteur_physique/TD3/build/CMakeFiles/CMakeTmp/CMakeFiles 1
Building C object CMakeFiles/cmTryCompileExec.dir/CheckFunctionExists.c.o
/usr/bin/gcc   -DCHECK_FUNCTION_EXISTS=pthread_create   -o CMakeFiles/cmTryCompileExec.dir/CheckFunctionExists.c.o   -c /usr/share/cmake-2.8/Modules/CheckFunctionExists.c
Linking C executable cmTryCompileExec
/usr/bin/cmake -E cmake_link_script CMakeFiles/cmTryCompileExec.dir/link.txt --verbose=1
/usr/bin/gcc     -DCHECK_FUNCTION_EXISTS=pthread_create   CMakeFiles/cmTryCompileExec.dir/CheckFunctionExists.c.o  -o cmTryCompileExec -rdynamic -lpthreads 
/usr/bin/ld: cannot find -lpthreads
collect2: ld returned 1 exit status
make[1]: *** [cmTryCompileExec] Erreur 1
make[1]: quittant le répertoire « /home/6im3/tduche01/Documents/moteur_physique/TD3/build/CMakeFiles/CMakeTmp »
make: *** [cmTryCompileExec/fast] Erreur 2


Determining if the function pthread_create exists in the pthreads failed with the following output:
Change Dir: /home/6im3/tduche01/Documents/moteur_physique/TD3/build/CMakeFiles/CMakeTmp

Run Build Command:/usr/bin/make "cmTryCompileExec/fast"
/usr/bin/make -f CMakeFiles/cmTryCompileExec.dir/build.make CMakeFiles/cmTryCompileExec.dir/build
make[1]: entrant dans le répertoire « /home/6im3/tduche01/Documents/moteur_physique/TD3/build/CMakeFiles/CMakeTmp »
/usr/bin/cmake -E cmake_progress_report /home/6im3/tduche01/Documents/moteur_physique/TD3/build/CMakeFiles/CMakeTmp/CMakeFiles 1
Building C object CMakeFiles/cmTryCompileExec.dir/CheckFunctionExists.c.o
/usr/bin/gcc   -DCHECK_FUNCTION_EXISTS=pthread_create   -o CMakeFiles/cmTryCompileExec.dir/CheckFunctionExists.c.o   -c /usr/share/cmake-2.8/Modules/CheckFunctionExists.c
Linking C executable cmTryCompileExec
/usr/bin/cmake -E cmake_link_script CMakeFiles/cmTryCompileExec.dir/link.txt --verbose=1
/usr/bin/gcc     -DCHECK_FUNCTION_EXISTS=pthread_create   CMakeFiles/cmTryCompileExec.dir/CheckFunctionExists.c.o  -o cmTryCompileExec -rdynamic -lpthreads 
/usr/bin/ld: cannot find -lpthreads
collect2: ld returned 1 exit status
make[1]: *** [cmTryCompileExec] Erreur 1
make[1]: quittant le répertoire « /home/6im3/tduche01/Documents/moteur_physique/TD3/build/CMakeFiles/CMakeTmp »
make: *** [cmTryCompileExec/fast] Erreur 2


Determining if the pthread_create exist failed with the following output:
Change Dir: /home/cedric/Bureau/Moteur_physique/TD3/build/CMakeFiles/CMakeTmp

Run Build Command:/usr/bin/make "cmTryCompileExec89580476/fast"
/usr/bin/make -f CMakeFiles/cmTryCompileExec89580476.dir/build.make CMakeFiles/cmTryCompileExec89580476.dir/build
make[1]: entrant dans le répertoire « /home/cedric/Bureau/Moteur_physique/TD3/build/CMakeFiles/CMakeTmp »
/usr/bin/cmake -E cmake_progress_report /home/cedric/Bureau/Moteur_physique/TD3/build/CMakeFiles/CMakeTmp/CMakeFiles 1
Building C object CMakeFiles/cmTryCompileExec89580476.dir/CheckSymbolExists.c.o
/usr/bin/cc    -o CMakeFiles/cmTryCompileExec89580476.dir/CheckSymbolExists.c.o   -c /home/cedric/Bureau/Moteur_physique/TD3/build/CMakeFiles/CMakeTmp/CheckSymbolExists.c
Linking C executable cmTryCompileExec89580476
/usr/bin/cmake -E cmake_link_script CMakeFiles/cmTryCompileExec89580476.dir/link.txt --verbose=1
/usr/bin/cc         CMakeFiles/cmTryCompileExec89580476.dir/CheckSymbolExists.c.o  -o cmTryCompileExec89580476 -rdynamic 
CMakeFiles/cmTryCompileExec89580476.dir/CheckSymbolExists.c.o:CheckSymbolExists.c:function main: error: undefined reference to 'pthread_create'
collect2: erreur: ld a retourné 1 code d'état d'exécution
make[1]: *** [cmTryCompileExec89580476] Erreur 1
make[1]: quittant le répertoire « /home/cedric/Bureau/Moteur_physique/TD3/build/CMakeFiles/CMakeTmp »
make: *** [cmTryCompileExec89580476/fast] Erreur 2

File /home/cedric/Bureau/Moteur_physique/TD3/build/CMakeFiles/CMakeTmp/CheckSymbolExists.c:
/* */
#include <pthread.h>

int main(int argc, char** argv)
{
  (void)argv;
#ifndef pthread_create
  return ((int*)(&pthread_create))[argc];
#else
  (void)argc;
  return 0;
#endif
}

Determining if the function pthread_create exists in the pthreads failed with the following output:
Change Dir: /home/cedric/Bureau/Moteur_physique/TD3/build/CMakeFiles/CMakeTmp

Run Build Command:/usr/bin/make "cmTryCompileExec3788834422/fast"
/usr/bin/make -f CMakeFiles/cmTryCompileExec3788834422.dir/build.make CMakeFiles/cmTryCompileExec3788834422.dir/build
make[1]: entrant dans le répertoire « /home/cedric/Bureau/Moteur_physique/TD3/build/CMakeFiles/CMakeTmp »
/usr/bin/cmake -E cmake_progress_report /home/cedric/Bureau/Moteur_physique/TD3/build/CMakeFiles/CMakeTmp/CMakeFiles 1
Building C object CMakeFiles/cmTryCompileExec3788834422.dir/CheckFunctionExists.c.o
/usr/bin/cc   -DCHECK_FUNCTION_EXISTS=pthread_create   -o CMakeFiles/cmTryCompileExec3788834422.dir/CheckFunctionExists.c.o   -c /usr/share/cmake-2.8/Modules/CheckFunctionExists.c
Linking C executable cmTryCompileExec3788834422
/usr/bin/cmake -E cmake_link_script CMakeFiles/cmTryCompileExec3788834422.dir/link.txt --verbose=1
/usr/bin/cc     -DCHECK_FUNCTION_EXISTS=pthread_create    CMakeFiles/cmTryCompileExec3788834422.dir/CheckFunctionExists.c.o  -o cmTryCompileExec3788834422 -rdynamic -lpthreads 
/usr/bin/ld: error: cannot find -lpthreads
CMakeFiles/cmTryCompileExec3788834422.dir/CheckFunctionExists.c.o:CheckFunctionExists.c:function main: error: undefined reference to 'pthread_create'
collect2: erreur: ld a retourné 1 code d'état d'exécution
make[1]: *** [cmTryCompileExec3788834422] Erreur 1
make[1]: quittant le répertoire « /home/cedric/Bureau/Moteur_physique/TD3/build/CMakeFiles/CMakeTmp »
make: *** [cmTryCompileExec3788834422/fast] Erreur 2


Determining if the pthread_create exist failed with the following output:
Change Dir: /home/cedric/projets/Projet_moteur_physique/build/CMakeFiles/CMakeTmp

Run Build Command:/usr/bin/make "cmTryCompileExec3092515598/fast"
/usr/bin/make -f CMakeFiles/cmTryCompileExec3092515598.dir/build.make CMakeFiles/cmTryCompileExec3092515598.dir/build
make[1]: entrant dans le répertoire « /home/cedric/projets/Projet_moteur_physique/build/CMakeFiles/CMakeTmp »
/usr/bin/cmake -E cmake_progress_report /home/cedric/projets/Projet_moteur_physique/build/CMakeFiles/CMakeTmp/CMakeFiles 1
Building C object CMakeFiles/cmTryCompileExec3092515598.dir/CheckSymbolExists.c.o
/usr/bin/cc    -o CMakeFiles/cmTryCompileExec3092515598.dir/CheckSymbolExists.c.o   -c /home/cedric/projets/Projet_moteur_physique/build/CMakeFiles/CMakeTmp/CheckSymbolExists.c
Linking C executable cmTryCompileExec3092515598
/usr/bin/cmake -E cmake_link_script CMakeFiles/cmTryCompileExec3092515598.dir/link.txt --verbose=1
/usr/bin/cc         CMakeFiles/cmTryCompileExec3092515598.dir/CheckSymbolExists.c.o  -o cmTryCompileExec3092515598 -rdynamic 
CMakeFiles/cmTryCompileExec3092515598.dir/CheckSymbolExists.c.o:CheckSymbolExists.c:function main: error: undefined reference to 'pthread_create'
collect2: erreur: ld a retourné 1 code d'état d'exécution
make[1]: *** [cmTryCompileExec3092515598] Erreur 1
make[1]: quittant le répertoire « /home/cedric/projets/Projet_moteur_physique/build/CMakeFiles/CMakeTmp »
make: *** [cmTryCompileExec3092515598/fast] Erreur 2

File /home/cedric/projets/Projet_moteur_physique/build/CMakeFiles/CMakeTmp/CheckSymbolExists.c:
/* */
#include <pthread.h>

int main(int argc, char** argv)
{
  (void)argv;
#ifndef pthread_create
  return ((int*)(&pthread_create))[argc];
#else
  (void)argc;
  return 0;
#endif
}

Determining if the function pthread_create exists in the pthreads failed with the following output:
Change Dir: /home/cedric/projets/Projet_moteur_physique/build/CMakeFiles/CMakeTmp

Run Build Command:/usr/bin/make "cmTryCompileExec2657315463/fast"
/usr/bin/make -f CMakeFiles/cmTryCompileExec2657315463.dir/build.make CMakeFiles/cmTryCompileExec2657315463.dir/build
make[1]: entrant dans le répertoire « /home/cedric/projets/Projet_moteur_physique/build/CMakeFiles/CMakeTmp »
/usr/bin/cmake -E cmake_progress_report /home/cedric/projets/Projet_moteur_physique/build/CMakeFiles/CMakeTmp/CMakeFiles 1
Building C object CMakeFiles/cmTryCompileExec2657315463.dir/CheckFunctionExists.c.o
/usr/bin/cc   -DCHECK_FUNCTION_EXISTS=pthread_create   -o CMakeFiles/cmTryCompileExec2657315463.dir/CheckFunctionExists.c.o   -c /usr/share/cmake-2.8/Modules/CheckFunctionExists.c
Linking C executable cmTryCompileExec2657315463
/usr/bin/cmake -E cmake_link_script CMakeFiles/cmTryCompileExec2657315463.dir/link.txt --verbose=1
/usr/bin/cc     -DCHECK_FUNCTION_EXISTS=pthread_create    CMakeFiles/cmTryCompileExec2657315463.dir/CheckFunctionExists.c.o  -o cmTryCompileExec2657315463 -rdynamic -lpthreads 
/usr/bin/ld: error: cannot find -lpthreads
CMakeFiles/cmTryCompileExec2657315463.dir/CheckFunctionExists.c.o:CheckFunctionExists.c:function main: error: undefined reference to 'pthread_create'
collect2: erreur: ld a retourné 1 code d'état d'exécution
make[1]: *** [cmTryCompileExec2657315463] Erreur 1
make[1]: quittant le répertoire « /home/cedric/projets/Projet_moteur_physique/build/CMakeFiles/CMakeTmp »
make: *** [cmTryCompileExec2657315463/fast] Erreur 2


Determining if the pthread_create exist failed with the following output:
Change Dir: /home/cedric/Bureau/Moteur_physique/PROJET/MoteurPhy/build/CMakeFiles/CMakeTmp

Run Build Command:/usr/bin/make "cmTryCompileExec1763743613/fast"
/usr/bin/make -f CMakeFiles/cmTryCompileExec1763743613.dir/build.make CMakeFiles/cmTryCompileExec1763743613.dir/build
make[1]: entrant dans le répertoire « /home/cedric/Bureau/Moteur_physique/PROJET/MoteurPhy/build/CMakeFiles/CMakeTmp »
/usr/bin/cmake -E cmake_progress_report /home/cedric/Bureau/Moteur_physique/PROJET/MoteurPhy/build/CMakeFiles/CMakeTmp/CMakeFiles 1
Building C object CMakeFiles/cmTryCompileExec1763743613.dir/CheckSymbolExists.c.o
/usr/bin/cc    -o CMakeFiles/cmTryCompileExec1763743613.dir/CheckSymbolExists.c.o   -c /home/cedric/Bureau/Moteur_physique/PROJET/MoteurPhy/build/CMakeFiles/CMakeTmp/CheckSymbolExists.c
Linking C executable cmTryCompileExec1763743613
/usr/bin/cmake -E cmake_link_script CMakeFiles/cmTryCompileExec1763743613.dir/link.txt --verbose=1
/usr/bin/cc         CMakeFiles/cmTryCompileExec1763743613.dir/CheckSymbolExists.c.o  -o cmTryCompileExec1763743613 -rdynamic 
CMakeFiles/cmTryCompileExec1763743613.dir/CheckSymbolExists.c.o:CheckSymbolExists.c:function main: error: undefined reference to 'pthread_create'
collect2: erreur: ld a retourné 1 code d'état d'exécution
make[1]: *** [cmTryCompileExec1763743613] Erreur 1
make[1]: quittant le répertoire « /home/cedric/Bureau/Moteur_physique/PROJET/MoteurPhy/build/CMakeFiles/CMakeTmp »
make: *** [cmTryCompileExec1763743613/fast] Erreur 2

File /home/cedric/Bureau/Moteur_physique/PROJET/MoteurPhy/build/CMakeFiles/CMakeTmp/CheckSymbolExists.c:
/* */
#include <pthread.h>

int main(int argc, char** argv)
{
  (void)argv;
#ifndef pthread_create
  return ((int*)(&pthread_create))[argc];
#else
  (void)argc;
  return 0;
#endif
}

Determining if the function pthread_create exists in the pthreads failed with the following output:
Change Dir: /home/cedric/Bureau/Moteur_physique/PROJET/MoteurPhy/build/CMakeFiles/CMakeTmp

Run Build Command:/usr/bin/make "cmTryCompileExec1463226325/fast"
/usr/bin/make -f CMakeFiles/cmTryCompileExec1463226325.dir/build.make CMakeFiles/cmTryCompileExec1463226325.dir/build
make[1]: entrant dans le répertoire « /home/cedric/Bureau/Moteur_physique/PROJET/MoteurPhy/build/CMakeFiles/CMakeTmp »
/usr/bin/cmake -E cmake_progress_report /home/cedric/Bureau/Moteur_physique/PROJET/MoteurPhy/build/CMakeFiles/CMakeTmp/CMakeFiles 1
Building C object CMakeFiles/cmTryCompileExec1463226325.dir/CheckFunctionExists.c.o
/usr/bin/cc   -DCHECK_FUNCTION_EXISTS=pthread_create   -o CMakeFiles/cmTryCompileExec1463226325.dir/CheckFunctionExists.c.o   -c /usr/share/cmake-2.8/Modules/CheckFunctionExists.c
Linking C executable cmTryCompileExec1463226325
/usr/bin/cmake -E cmake_link_script CMakeFiles/cmTryCompileExec1463226325.dir/link.txt --verbose=1
/usr/bin/cc     -DCHECK_FUNCTION_EXISTS=pthread_create    CMakeFiles/cmTryCompileExec1463226325.dir/CheckFunctionExists.c.o  -o cmTryCompileExec1463226325 -rdynamic -lpthreads 
/usr/bin/ld: error: cannot find -lpthreads
CMakeFiles/cmTryCompileExec1463226325.dir/CheckFunctionExists.c.o:CheckFunctionExists.c:function main: error: undefined reference to 'pthread_create'
collect2: erreur: ld a retourné 1 code d'état d'exécution
make[1]: quittant le répertoire « /home/cedric/Bureau/Moteur_physique/PROJET/MoteurPhy/build/CMakeFiles/CMakeTmp »
make[1]: *** [cmTryCompileExec1463226325] Erreur 1
make: *** [cmTryCompileExec1463226325/fast] Erreur 2


